# JRE version: OpenJDK Runtime Environment Temurin-17.0.6+10 (17.0.6+10) (build 17.0.6+10)
# Java VM: OpenJDK 64-Bit Server VM Temurin-17.0.6+10 (17.0.6+10, mixed mode, tiered, compressed oops, compressed class ptrs, parallel gc, linux-amd64)
GC Precious Log:
 CPUs: 12 total, 12 available
 Memory: 15445M
 Large Page Support: Disabled
 NUMA Support: Disabled
 Compressed Oops: Enabled (32-bit)
 Alignments: Space 512K, Generation 512K, Heap 2M
 Heap Min Capacity: 100M
 Heap Initial Capacity: 100M
 Heap Max Capacity: 1G
 Pre-touch: Disabled
 Parallel Workers: 10
Heap:
 PSYoungGen      total 30208K, used 10159K [0x00000000eab00000, 0x00000000ece00000, 0x0000000100000000)
  eden space 27648K, 29% used [0x00000000eab00000,0x00000000eb2e7db8,0x00000000ec600000)
  from space 2560K, 80% used [0x00000000ec880000,0x00000000eca84010,0x00000000ecb00000)
  to   space 2560K, 0% used [0x00000000ecb80000,0x00000000ecb80000,0x00000000ece00000)
 ParOldGen       total 320000K, used 309429K [0x00000000c0000000, 0x00000000d3880000, 0x00000000eab00000)
  object space 320000K, 96% used [0x00000000c0000000,0x00000000d2e2d6f0,0x00000000d3880000)
 Metaspace       used 70340K, committed 71296K, reserved 1114112K
  class space    used 8348K, committed 8768K, reserved 1048576K
GC Heap History (20 events):
Event: 69.050 GC heap before
{Heap before GC invocations=152 (full 9):
 PSYoungGen      total 43520K, used 42669K [0x00000000eab00000, 0x00000000ee680000, 0x0000000100000000)
  eden space 30208K, 98% used [0x00000000eab00000,0x00000000ec805718,0x00000000ec880000)
  from space 13312K, 97% used [0x00000000ecd80000,0x00000000eda25fb8,0x00000000eda80000)
  to   space 12288K, 0% used [0x00000000eda80000,0x00000000eda80000,0x00000000ee680000)
 ParOldGen       total 320000K, used 285874K [0x00000000c0000000, 0x00000000d3880000, 0x00000000eab00000)
  object space 320000K, 89% used [0x00000000c0000000,0x00000000d172c988,0x00000000d3880000)
 Metaspace       used 58239K, committed 59072K, reserved 1105920K
  class space    used 6754K, committed 7104K, reserved 1048576K
}
Event: 69.062 GC heap after
{Heap after GC invocations=152 (full 9):
 PSYoungGen      total 41984K, used 12278K [0x00000000eab00000, 0x00000000ee700000, 0x0000000100000000)
  eden space 29696K, 0% used [0x00000000eab00000,0x00000000eab00000,0x00000000ec800000)
  from space 12288K, 99% used [0x00000000eda80000,0x00000000ee67d808,0x00000000ee680000)
  to   space 15872K, 0% used [0x00000000ec800000,0x00000000ec800000,0x00000000ed780000)
 ParOldGen       total 320000K, used 288802K [0x00000000c0000000, 0x00000000d3880000, 0x00000000eab00000)
  object space 320000K, 90% used [0x00000000c0000000,0x00000000d1a08988,0x00000000d3880000)
 Metaspace       used 58239K, committed 59072K, reserved 1105920K
  class space    used 6754K, committed 7104K, reserved 1048576K
}
Event: 69.143 GC heap before
{Heap before GC invocations=153 (full 9):
 PSYoungGen      total 41984K, used 41974K [0x00000000eab00000, 0x00000000ee700000, 0x0000000100000000)
  eden space 29696K, 100% used [0x00000000eab00000,0x00000000ec800000,0x00000000ec800000)
  from space 12288K, 99% used [0x00000000eda80000,0x00000000ee67d808,0x00000000ee680000)
  to   space 15872K, 0% used [0x00000000ec800000,0x00000000ec800000,0x00000000ed780000)
 ParOldGen       total 320000K, used 288802K [0x00000000c0000000, 0x00000000d3880000, 0x00000000eab00000)
  object space 320000K, 90% used [0x00000000c0000000,0x00000000d1a08988,0x00000000d3880000)
 Metaspace       used 58254K, committed 59072K, reserved 1105920K
  class space    used 6754K, committed 7104K, reserved 1048576K
}
Event: 69.161 GC heap after
{Heap after GC invocations=153 (full 9):
 PSYoungGen      total 35328K, used 5991K [0x00000000eab00000, 0x00000000edb00000, 0x0000000100000000)
  eden space 29184K, 0% used [0x00000000eab00000,0x00000000eab00000,0x00000000ec780000)
  from space 6144K, 97% used [0x00000000ec800000,0x00000000ecdd9cf0,0x00000000ece00000)
  to   space 9728K, 0% used [0x00000000ed180000,0x00000000ed180000,0x00000000edb00000)
 ParOldGen       total 320000K, used 299249K [0x00000000c0000000, 0x00000000d3880000, 0x00000000eab00000)
  object space 320000K, 93% used [0x00000000c0000000,0x00000000d243c6f8,0x00000000d3880000)
 Metaspace       used 58254K, committed 59072K, reserved 1105920K
  class space    used 6754K, committed 7104K, reserved 1048576K
}
Event: 69.462 GC heap before
{Heap before GC invocations=154 (full 9):
 PSYoungGen      total 35328K, used 35175K [0x00000000eab00000, 0x00000000edb00000, 0x0000000100000000)
  eden space 29184K, 100% used [0x00000000eab00000,0x00000000ec780000,0x00000000ec780000)
  from space 6144K, 97% used [0x00000000ec800000,0x00000000ecdd9cf0,0x00000000ece00000)
  to   space 9728K, 0% used [0x00000000ed180000,0x00000000ed180000,0x00000000edb00000)
 ParOldGen       total 320000K, used 299249K [0x00000000c0000000, 0x00000000d3880000, 0x00000000eab00000)
  object space 320000K, 93% used [0x00000000c0000000,0x00000000d243c6f8,0x00000000d3880000)
 Metaspace       used 58659K, committed 59520K, reserved 1105920K
  class space    used 6790K, committed 7168K, reserved 1048576K
}
Event: 69.466 GC heap after
{Heap after GC invocations=154 (full 9):
 PSYoungGen      total 34816K, used 6061K [0x00000000eab00000, 0x00000000ed780000, 0x0000000100000000)
  eden space 28672K, 0% used [0x00000000eab00000,0x00000000eab00000,0x00000000ec700000)
  from space 6144K, 98% used [0x00000000ed180000,0x00000000ed76b560,0x00000000ed780000)
  to   space 6656K, 0% used [0x00000000eca80000,0x00000000eca80000,0x00000000ed100000)
 ParOldGen       total 320000K, used 299257K [0x00000000c0000000, 0x00000000d3880000, 0x00000000eab00000)
  object space 320000K, 93% used [0x00000000c0000000,0x00000000d243e6f8,0x00000000d3880000)
 Metaspace       used 58659K, committed 59520K, reserved 1105920K
  class space    used 6790K, committed 7168K, reserved 1048576K
}
Event: 69.640 GC heap before
{Heap before GC invocations=155 (full 9):
 PSYoungGen      total 34816K, used 34712K [0x00000000eab00000, 0x00000000ed780000, 0x0000000100000000)
  eden space 28672K, 99% used [0x00000000eab00000,0x00000000ec6fab78,0x00000000ec700000)
  from space 6144K, 98% used [0x00000000ed180000,0x00000000ed76b560,0x00000000ed780000)
  to   space 6656K, 0% used [0x00000000eca80000,0x00000000eca80000,0x00000000ed100000)
 ParOldGen       total 320000K, used 299308K [0x00000000c0000000, 0x00000000d3880000, 0x00000000eab00000)
  object space 320000K, 93% used [0x00000000c0000000,0x00000000d244b0e8,0x00000000d3880000)
 Metaspace       used 61359K, committed 62208K, reserved 1105920K
  class space    used 7092K, committed 7488K, reserved 1048576K
}
Event: 69.642 GC heap after
{Heap after GC invocations=155 (full 9):
 PSYoungGen      total 35328K, used 6639K [0x00000000eab00000, 0x00000000ed600000, 0x0000000100000000)
  eden space 28672K, 0% used [0x00000000eab00000,0x00000000eab00000,0x00000000ec700000)
  from space 6656K, 99% used [0x00000000eca80000,0x00000000ed0fbdc8,0x00000000ed100000)
  to   space 5120K, 0% used [0x00000000ed100000,0x00000000ed100000,0x00000000ed600000)
 ParOldGen       total 320000K, used 299884K [0x00000000c0000000, 0x00000000d3880000, 0x00000000eab00000)
  object space 320000K, 93% used [0x00000000c0000000,0x00000000d24db0e8,0x00000000d3880000)
 Metaspace       used 61359K, committed 62208K, reserved 1105920K
  class space    used 7092K, committed 7488K, reserved 1048576K
}
Event: 69.720 GC heap before
{Heap before GC invocations=156 (full 9):
 PSYoungGen      total 35328K, used 35311K [0x00000000eab00000, 0x00000000ed600000, 0x0000000100000000)
  eden space 28672K, 100% used [0x00000000eab00000,0x00000000ec700000,0x00000000ec700000)
  from space 6656K, 99% used [0x00000000eca80000,0x00000000ed0fbdc8,0x00000000ed100000)
  to   space 5120K, 0% used [0x00000000ed100000,0x00000000ed100000,0x00000000ed600000)
 ParOldGen       total 320000K, used 299887K [0x00000000c0000000, 0x00000000d3880000, 0x00000000eab00000)
  object space 320000K, 93% used [0x00000000c0000000,0x00000000d24dbda0,0x00000000d3880000)
 Metaspace       used 63166K, committed 64064K, reserved 1105920K
  class space    used 7416K, committed 7808K, reserved 1048576K
}
Event: 69.724 GC heap after
{Heap after GC invocations=156 (full 9):
 PSYoungGen      total 33280K, used 5113K [0x00000000eab00000, 0x00000000ed600000, 0x0000000100000000)
  eden space 28160K, 0% used [0x00000000eab00000,0x00000000eab00000,0x00000000ec680000)
  from space 5120K, 99% used [0x00000000ed100000,0x00000000ed5fe510,0x00000000ed600000)
  to   space 7168K, 0% used [0x00000000ec800000,0x00000000ec800000,0x00000000ecf00000)
 ParOldGen       total 320000K, used 301892K [0x00000000c0000000, 0x00000000d3880000, 0x00000000eab00000)
  object space 320000K, 94% used [0x00000000c0000000,0x00000000d26d1130,0x00000000d3880000)
 Metaspace       used 63166K, committed 64064K, reserved 1105920K
  class space    used 7416K, committed 7808K, reserved 1048576K
}
Event: 69.789 GC heap before
{Heap before GC invocations=157 (full 9):
 PSYoungGen      total 33280K, used 33273K [0x00000000eab00000, 0x00000000ed600000, 0x0000000100000000)
  eden space 28160K, 100% used [0x00000000eab00000,0x00000000ec680000,0x00000000ec680000)
  from space 5120K, 99% used [0x00000000ed100000,0x00000000ed5fe510,0x00000000ed600000)
  to   space 7168K, 0% used [0x00000000ec800000,0x00000000ec800000,0x00000000ecf00000)
 ParOldGen       total 320000K, used 301892K [0x00000000c0000000, 0x00000000d3880000, 0x00000000eab00000)
  object space 320000K, 94% used [0x00000000c0000000,0x00000000d26d1130,0x00000000d3880000)
 Metaspace       used 65045K, committed 65920K, reserved 1114112K
  class space    used 7751K, committed 8128K, reserved 1048576K
}
Event: 69.797 GC heap after
{Heap after GC invocations=157 (full 9):
 PSYoungGen      total 28672K, used 917K [0x00000000eab00000, 0x00000000ed180000, 0x0000000100000000)
  eden space 27648K, 0% used [0x00000000eab00000,0x00000000eab00000,0x00000000ec600000)
  from space 1024K, 89% used [0x00000000ec800000,0x00000000ec8e54a0,0x00000000ec900000)
  to   space 3584K, 0% used [0x00000000ece00000,0x00000000ece00000,0x00000000ed180000)
 ParOldGen       total 320000K, used 306088K [0x00000000c0000000, 0x00000000d3880000, 0x00000000eab00000)
  object space 320000K, 95% used [0x00000000c0000000,0x00000000d2aea0e0,0x00000000d3880000)
 Metaspace       used 65045K, committed 65920K, reserved 1114112K
  class space    used 7751K, committed 8128K, reserved 1048576K
}
Event: 69.905 GC heap before
{Heap before GC invocations=158 (full 9):
 PSYoungGen      total 28672K, used 28565K [0x00000000eab00000, 0x00000000ed180000, 0x0000000100000000)
  eden space 27648K, 100% used [0x00000000eab00000,0x00000000ec600000,0x00000000ec600000)
  from space 1024K, 89% used [0x00000000ec800000,0x00000000ec8e54a0,0x00000000ec900000)
  to   space 3584K, 0% used [0x00000000ece00000,0x00000000ece00000,0x00000000ed180000)
 ParOldGen       total 320000K, used 306088K [0x00000000c0000000, 0x00000000d3880000, 0x00000000eab00000)
  object space 320000K, 95% used [0x00000000c0000000,0x00000000d2aea0e0,0x00000000d3880000)
 Metaspace       used 66873K, committed 67776K, reserved 1114112K
  class space    used 8010K, committed 8448K, reserved 1048576K
}
Event: 69.907 GC heap after
{Heap after GC invocations=158 (full 9):
 PSYoungGen      total 30208K, used 2364K [0x00000000eab00000, 0x00000000ed080000, 0x0000000100000000)
  eden space 27648K, 0% used [0x00000000eab00000,0x00000000eab00000,0x00000000ec600000)
  from space 2560K, 92% used [0x00000000ece00000,0x00000000ed04f0f0,0x00000000ed080000)
  to   space 3072K, 0% used [0x00000000eca80000,0x00000000eca80000,0x00000000ecd80000)
 ParOldGen       total 320000K, used 306096K [0x00000000c0000000, 0x00000000d3880000, 0x00000000eab00000)
  object space 320000K, 95% used [0x00000000c0000000,0x00000000d2aec0e0,0x00000000d3880000)
 Metaspace       used 66873K, committed 67776K, reserved 1114112K
  class space    used 8010K, committed 8448K, reserved 1048576K
}
Event: 70.227 GC heap before
{Heap before GC invocations=159 (full 9):
 PSYoungGen      total 30208K, used 30012K [0x00000000eab00000, 0x00000000ed080000, 0x0000000100000000)
  eden space 27648K, 100% used [0x00000000eab00000,0x00000000ec600000,0x00000000ec600000)
  from space 2560K, 92% used [0x00000000ece00000,0x00000000ed04f0f0,0x00000000ed080000)
  to   space 3072K, 0% used [0x00000000eca80000,0x00000000eca80000,0x00000000ecd80000)
 ParOldGen       total 320000K, used 306096K [0x00000000c0000000, 0x00000000d3880000, 0x00000000eab00000)
  object space 320000K, 95% used [0x00000000c0000000,0x00000000d2aec0e0,0x00000000d3880000)
 Metaspace       used 68618K, committed 69568K, reserved 1114112K
  class space    used 8173K, committed 8640K, reserved 1048576K
}
Event: 70.235 GC heap after
{Heap after GC invocations=159 (full 9):
 PSYoungGen      total 30720K, used 3051K [0x00000000eab00000, 0x00000000ed400000, 0x0000000100000000)
  eden space 27648K, 0% used [0x00000000eab00000,0x00000000eab00000,0x00000000ec600000)
  from space 3072K, 99% used [0x00000000eca80000,0x00000000ecd7ad18,0x00000000ecd80000)
  to   space 6656K, 0% used [0x00000000ecd80000,0x00000000ecd80000,0x00000000ed400000)
 ParOldGen       total 320000K, used 309109K [0x00000000c0000000, 0x00000000d3880000, 0x00000000eab00000)
  object space 320000K, 96% used [0x00000000c0000000,0x00000000d2ddd6f0,0x00000000d3880000)
 Metaspace       used 68618K, committed 69568K, reserved 1114112K
  class space    used 8173K, committed 8640K, reserved 1048576K
}
Event: 302.364 GC heap before
{Heap before GC invocations=160 (full 9):
 PSYoungGen      total 30720K, used 30699K [0x00000000eab00000, 0x00000000ed400000, 0x0000000100000000)
  eden space 27648K, 100% used [0x00000000eab00000,0x00000000ec600000,0x00000000ec600000)
  from space 3072K, 99% used [0x00000000eca80000,0x00000000ecd7ad18,0x00000000ecd80000)
  to   space 6656K, 0% used [0x00000000ecd80000,0x00000000ecd80000,0x00000000ed400000)
 ParOldGen       total 320000K, used 309109K [0x00000000c0000000, 0x00000000d3880000, 0x00000000eab00000)
  object space 320000K, 96% used [0x00000000c0000000,0x00000000d2ddd6f0,0x00000000d3880000)
 Metaspace       used 69827K, committed 70720K, reserved 1114112K
  class space    used 8286K, committed 8704K, reserved 1048576K
}
Event: 302.370 GC heap after
{Heap after GC invocations=160 (full 9):
 PSYoungGen      total 29696K, used 1992K [0x00000000eab00000, 0x00000000ecf80000, 0x0000000100000000)
  eden space 27648K, 0% used [0x00000000eab00000,0x00000000eab00000,0x00000000ec600000)
  from space 2048K, 97% used [0x00000000ecd80000,0x00000000ecf722e8,0x00000000ecf80000)
  to   space 3584K, 0% used [0x00000000ec880000,0x00000000ec880000,0x00000000ecc00000)
 ParOldGen       total 320000K, used 309421K [0x00000000c0000000, 0x00000000d3880000, 0x00000000eab00000)
  object space 320000K, 96% used [0x00000000c0000000,0x00000000d2e2b6f0,0x00000000d3880000)
 Metaspace       used 69827K, committed 70720K, reserved 1114112K
  class space    used 8286K, committed 8704K, reserved 1048576K
}
Event: 992.324 GC heap before
{Heap before GC invocations=161 (full 9):
 PSYoungGen      total 29696K, used 29493K [0x00000000eab00000, 0x00000000ecf80000, 0x0000000100000000)
  eden space 27648K, 99% used [0x00000000eab00000,0x00000000ec5db2e0,0x00000000ec600000)
  from space 2048K, 97% used [0x00000000ecd80000,0x00000000ecf722e8,0x00000000ecf80000)
  to   space 3584K, 0% used [0x00000000ec880000,0x00000000ec880000,0x00000000ecc00000)
 ParOldGen       total 320000K, used 309421K [0x00000000c0000000, 0x00000000d3880000, 0x00000000eab00000)
  object space 320000K, 96% used [0x00000000c0000000,0x00000000d2e2b6f0,0x00000000d3880000)
 Metaspace       used 70242K, committed 71168K, reserved 1114112K
  class space    used 8343K, committed 8768K, reserved 1048576K
}
Event: 992.327 GC heap after
{Heap after GC invocations=161 (full 9):
 PSYoungGen      total 30208K, used 2064K [0x00000000eab00000, 0x00000000ece00000, 0x0000000100000000)
  eden space 27648K, 0% used [0x00000000eab00000,0x00000000eab00000,0x00000000ec600000)
  from space 2560K, 80% used [0x00000000ec880000,0x00000000eca84010,0x00000000ecb00000)
  to   space 2560K, 0% used [0x00000000ecb80000,0x00000000ecb80000,0x00000000ece00000)
 ParOldGen       total 320000K, used 309429K [0x00000000c0000000, 0x00000000d3880000, 0x00000000eab00000)
  object space 320000K, 96% used [0x00000000c0000000,0x00000000d2e2d6f0,0x00000000d3880000)
 Metaspace       used 70242K, committed 71168K, reserved 1114112K
  class space    used 8343K, committed 8768K, reserved 1048576K
}

